# JRE version: Java(TM) SE Runtime Environment (7.0_45-b18) (build 1.7.0_45-b18)
# Java VM: Java HotSpot(TM) 64-Bit Server VM (24.45-b08 mixed mode windows-amd64 compressed oops)
Heap
 PSYoungGen      total 351744K, used 79408K [0x00000007d5e80000, 0x00000007f5380000, 0x0000000800000000)
  eden space 307200K, 14% used [0x00000007d5e80000,0x00000007d8abece0,0x00000007e8a80000)
  from space 44544K, 76% used [0x00000007e8a80000,0x00000007eabcd5c8,0x00000007eb600000)
  to   space 47616K, 0% used [0x00000007f2500000,0x00000007f2500000,0x00000007f5380000)
 ParOldGen       total 114176K, used 48374K [0x0000000781c00000, 0x0000000788b80000, 0x00000007d5e80000)
  object space 114176K, 42% used [0x0000000781c00000,0x0000000784b3d9e0,0x0000000788b80000)
 PSPermGen       total 60416K, used 59939K [0x000000077ca00000, 0x0000000780500000, 0x0000000781c00000)
  object space 60416K, 99% used [0x000000077ca00000,0x0000000780488f50,0x0000000780500000)
GC Heap History (10 events):
Event: 10.491 GC heap before
{Heap before GC invocations=10 (full 0):
 PSYoungGen      total 142848K, used 142823K [0x00000007d5e80000, 0x00000007e5500000, 0x0000000800000000)
  eden space 121856K, 100% used [0x00000007d5e80000,0x00000007dd580000,0x00000007dd580000)
  from space 20992K, 99% used [0x00000007dd580000,0x00000007de9f9e00,0x00000007dea00000)
  to   space 28672K, 0% used [0x00000007e3900000,0x00000007e3900000,0x00000007e5500000)
 ParOldGen       total 86016K, used 34028K [0x0000000781c00000, 0x0000000787000000, 0x00000007d5e80000)
  object space 86016K, 39% used [0x0000000781c00000,0x0000000783d3b030,0x0000000787000000)
 PSPermGen       total 24064K, used 23662K [0x000000077ca00000, 0x000000077e180000, 0x0000000781c00000)
  object space 24064K, 98% used [0x000000077ca00000,0x000000077e11bbb0,0x000000077e180000)
Event: 10.535 GC heap after
Heap after GC invocations=10 (full 0):
 PSYoungGen      total 221696K, used 22989K [0x00000007d5e80000, 0x00000007e5900000, 0x0000000800000000)
  eden space 193024K, 0% used [0x00000007d5e80000,0x00000007d5e80000,0x00000007e1b00000)
  from space 28672K, 80% used [0x00000007e3900000,0x00000007e4f736e0,0x00000007e5500000)
  to   space 30720K, 0% used [0x00000007e1b00000,0x00000007e1b00000,0x00000007e3900000)
 ParOldGen       total 86016K, used 45470K [0x0000000781c00000, 0x0000000787000000, 0x00000007d5e80000)
  object space 86016K, 52% used [0x0000000781c00000,0x0000000784867b48,0x0000000787000000)
 PSPermGen       total 24064K, used 23662K [0x000000077ca00000, 0x000000077e180000, 0x0000000781c00000)
  object space 24064K, 98% used [0x000000077ca00000,0x000000077e11bbb0,0x000000077e180000)
}
Event: 11.842 GC heap before
{Heap before GC invocations=11 (full 0):
 PSYoungGen      total 221696K, used 216013K [0x00000007d5e80000, 0x00000007e5900000, 0x0000000800000000)
  eden space 193024K, 100% used [0x00000007d5e80000,0x00000007e1b00000,0x00000007e1b00000)
  from space 28672K, 80% used [0x00000007e3900000,0x00000007e4f736e0,0x00000007e5500000)
  to   space 30720K, 0% used [0x00000007e1b00000,0x00000007e1b00000,0x00000007e3900000)
 ParOldGen       total 86016K, used 45470K [0x0000000781c00000, 0x0000000787000000, 0x00000007d5e80000)
  object space 86016K, 52% used [0x0000000781c00000,0x0000000784867b48,0x0000000787000000)
 PSPermGen       total 24064K, used 23668K [0x000000077ca00000, 0x000000077e180000, 0x0000000781c00000)
  object space 24064K, 98% used [0x000000077ca00000,0x000000077e11d3a8,0x000000077e180000)
Event: 11.906 GC heap after
Heap after GC invocations=11 (full 0):
 PSYoungGen      total 223744K, used 30708K [0x00000007d5e80000, 0x00000007edf80000, 0x0000000800000000)
  eden space 193024K, 0% used [0x00000007d5e80000,0x00000007d5e80000,0x00000007e1b00000)
  from space 30720K, 99% used [0x00000007e1b00000,0x00000007e38fd3f8,0x00000007e3900000)
  to   space 42496K, 0% used [0x00000007eb600000,0x00000007eb600000,0x00000007edf80000)
 ParOldGen       total 86016K, used 64374K [0x0000000781c00000, 0x0000000787000000, 0x00000007d5e80000)
  object space 86016K, 74% used [0x0000000781c00000,0x0000000785addad8,0x0000000787000000)
 PSPermGen       total 24064K, used 23668K [0x000000077ca00000, 0x000000077e180000, 0x0000000781c00000)
  object space 24064K, 98% used [0x000000077ca00000,0x000000077e11d3a8,0x000000077e180000)
}
Event: 13.281 GC heap before
{Heap before GC invocations=12 (full 0):
 PSYoungGen      total 223744K, used 223732K [0x00000007d5e80000, 0x00000007edf80000, 0x0000000800000000)
  eden space 193024K, 100% used [0x00000007d5e80000,0x00000007e1b00000,0x00000007e1b00000)
  from space 30720K, 99% used [0x00000007e1b00000,0x00000007e38fd3f8,0x00000007e3900000)
  to   space 42496K, 0% used [0x00000007eb600000,0x00000007eb600000,0x00000007edf80000)
 ParOldGen       total 86016K, used 64374K [0x0000000781c00000, 0x0000000787000000, 0x00000007d5e80000)
  object space 86016K, 74% used [0x0000000781c00000,0x0000000785addad8,0x0000000787000000)
 PSPermGen       total 29184K, used 29016K [0x000000077ca00000, 0x000000077e680000, 0x0000000781c00000)
  object space 29184K, 99% used [0x000000077ca00000,0x000000077e656048,0x000000077e680000)
Event: 13.335 GC heap after
Heap after GC invocations=12 (full 0):
 PSYoungGen      total 349696K, used 30291K [0x00000007d5e80000, 0x00000007ee380000, 0x0000000800000000)
  eden space 307200K, 0% used [0x00000007d5e80000,0x00000007d5e80000,0x00000007e8a80000)
  from space 42496K, 71% used [0x00000007eb600000,0x00000007ed394d50,0x00000007edf80000)
  to   space 44544K, 0% used [0x00000007e8a80000,0x00000007e8a80000,0x00000007eb600000)
 ParOldGen       total 86016K, used 83245K [0x0000000781c00000, 0x0000000787000000, 0x00000007d5e80000)
  object space 86016K, 96% used [0x0000000781c00000,0x0000000786d4b500,0x0000000787000000)
 PSPermGen       total 29184K, used 29016K [0x000000077ca00000, 0x000000077e680000, 0x0000000781c00000)
  object space 29184K, 99% used [0x000000077ca00000,0x000000077e656048,0x000000077e680000)
}
Event: 13.335 GC heap before
{Heap before GC invocations=13 (full 1):
 PSYoungGen      total 349696K, used 30291K [0x00000007d5e80000, 0x00000007ee380000, 0x0000000800000000)
  eden space 307200K, 0% used [0x00000007d5e80000,0x00000007d5e80000,0x00000007e8a80000)
  from space 42496K, 71% used [0x00000007eb600000,0x00000007ed394d50,0x00000007edf80000)
  to   space 44544K, 0% used [0x00000007e8a80000,0x00000007e8a80000,0x00000007eb600000)
 ParOldGen       total 86016K, used 83245K [0x0000000781c00000, 0x0000000787000000, 0x00000007d5e80000)
  object space 86016K, 96% used [0x0000000781c00000,0x0000000786d4b500,0x0000000787000000)
 PSPermGen       total 29184K, used 29016K [0x000000077ca00000, 0x000000077e680000, 0x0000000781c00000)
  object space 29184K, 99% used [0x000000077ca00000,0x000000077e656048,0x000000077e680000)
Event: 13.592 GC heap after
Heap after GC invocations=13 (full 1):
 PSYoungGen      total 349696K, used 0K [0x00000007d5e80000, 0x00000007ee380000, 0x0000000800000000)
  eden space 307200K, 0% used [0x00000007d5e80000,0x00000007d5e80000,0x00000007e8a80000)
  from space 42496K, 0% used [0x00000007eb600000,0x00000007eb600000,0x00000007edf80000)
  to   space 44544K, 0% used [0x00000007e8a80000,0x00000007e8a80000,0x00000007eb600000)
 ParOldGen       total 114176K, used 48366K [0x0000000781c00000, 0x0000000788b80000, 0x00000007d5e80000)
  object space 114176K, 42% used [0x0000000781c00000,0x0000000784b3b9e0,0x0000000788b80000)
 PSPermGen       total 58368K, used 29001K [0x000000077ca00000, 0x0000000780300000, 0x0000000781c00000)
  object space 58368K, 49% used [0x000000077ca00000,0x000000077e652628,0x0000000780300000)
}
Event: 48.071 GC heap before
{Heap before GC invocations=14 (full 1):
 PSYoungGen      total 349696K, used 307200K [0x00000007d5e80000, 0x00000007ee380000, 0x0000000800000000)
  eden space 307200K, 100% used [0x00000007d5e80000,0x00000007e8a80000,0x00000007e8a80000)
  from space 42496K, 0% used [0x00000007eb600000,0x00000007eb600000,0x00000007edf80000)
  to   space 44544K, 0% used [0x00000007e8a80000,0x00000007e8a80000,0x00000007eb600000)
 ParOldGen       total 114176K, used 48366K [0x0000000781c00000, 0x0000000788b80000, 0x00000007d5e80000)
  object space 114176K, 42% used [0x0000000781c00000,0x0000000784b3b9e0,0x0000000788b80000)
 PSPermGen       total 58368K, used 57400K [0x000000077ca00000, 0x0000000780300000, 0x0000000781c00000)
  object space 58368K, 98% used [0x000000077ca00000,0x000000078020e370,0x0000000780300000)
Event: 48.159 GC heap after
Heap after GC invocations=14 (full 1):
 PSYoungGen      total 351744K, used 34101K [0x00000007d5e80000, 0x00000007f5380000, 0x0000000800000000)
  eden space 307200K, 0% used [0x00000007d5e80000,0x00000007d5e80000,0x00000007e8a80000)
  from space 44544K, 76% used [0x00000007e8a80000,0x00000007eabcd5c8,0x00000007eb600000)
  to   space 47616K, 0% used [0x00000007f2500000,0x00000007f2500000,0x00000007f5380000)
 ParOldGen       total 114176K, used 48374K [0x0000000781c00000, 0x0000000788b80000, 0x00000007d5e80000)
  object space 114176K, 42% used [0x0000000781c00000,0x0000000784b3d9e0,0x0000000788b80000)
 PSPermGen       total 58368K, used 57400K [0x000000077ca00000, 0x0000000780300000, 0x0000000781c00000)
  object space 58368K, 98% used [0x000000077ca00000,0x000000078020e370,0x0000000780300000)
}

